<?xml version="1.0" encoding="UTF-8"?>
<!-- Generated by org.testng.reporters.JUnitReportReporter -->
<testsuite hostname="LAPTOP-HE3IJ9BH" failures="0" tests="1" name="TestDrive.SearchByDBTest" time="68.268" errors="0" timestamp="2023-02-14T13:45:57 IST" skipped="0">
  <testcase classname="TestDrive.SearchByDBTest" name="SelectByDeptBrand" time="68.268"/>
  <system-out/>
</testsuite> <!-- TestDrive.SearchByDBTest -->
