<?xml version="1.0" encoding="UTF-8"?>
<!-- Generated by org.testng.reporters.JUnitReportReporter -->
<testsuite hostname="LAPTOP-HE3IJ9BH" failures="0" tests="1" name="TestDrive.SigninTest" time="27.809" errors="0" timestamp="2023-02-14T13:21:24 IST" skipped="0">
  <testcase classname="TestDrive.SigninTest" name="Login" time="27.809"/>
  <system-out/>
</testsuite> <!-- TestDrive.SigninTest -->
